This is pdfTeX, Version 3.1415926-1.40.10 (TeX Live 2009/Debian) (format=pdflatex 2012.9.19)  21 NOV 2012 20:58
entering extended mode
 %&-line parsing enabled.
**alpbach-2012.tex
(./alpbach-2012.tex
LaTeX2e <2009/09/24>
Babel <v3.8l> and hyphenation patterns for english, usenglishmax, dumylang, noh
yphenation, farsi, arabic, croatian, bulgarian, ukrainian, russian, czech, slov
ak, danish, dutch, finnish, french, basque, ngerman, german, german-x-2009-06-1
9, ngerman-x-2009-06-19, ibycus, monogreek, greek, ancientgreek, hungarian, san
skrit, italian, latin, latvian, lithuanian, mongolian2a, mongolian, bokmal, nyn
orsk, romanian, irish, coptic, serbian, turkish, welsh, esperanto, uppersorbian
, estonian, indonesian, interlingua, icelandic, kurmanji, slovenian, polish, po
rtuguese, spanish, galician, catalan, swedish, ukenglish, pinyin, loaded.
(/usr/share/texmf-texlive/tex/latex/base/report.cls
Document Class: report 2007/10/19 v1.4h Standard LaTeX document class
(/usr/share/texmf-texlive/tex/latex/base/size12.clo
File: size12.clo 2007/10/19 v1.4h Standard LaTeX file (size option)
)
\c@part=\count79
\c@chapter=\count80
\c@section=\count81
\c@subsection=\count82
\c@subsubsection=\count83
\c@paragraph=\count84
\c@subparagraph=\count85
\c@figure=\count86
\c@table=\count87
\abovecaptionskip=\skip41
\belowcaptionskip=\skip42
\bibindent=\dimen102
)
(/usr/share/texmf-texlive/tex/latex/amsmath/amsmath.sty
Package: amsmath 2000/07/18 v2.13 AMS math features
\@mathmargin=\skip43

For additional information on amsmath, use the `?' option.
(/usr/share/texmf-texlive/tex/latex/amsmath/amstext.sty
Package: amstext 2000/06/29 v2.01

(/usr/share/texmf-texlive/tex/latex/amsmath/amsgen.sty
File: amsgen.sty 1999/11/30 v2.0
\@emptytoks=\toks14
\ex@=\dimen103
))
(/usr/share/texmf-texlive/tex/latex/amsmath/amsbsy.sty
Package: amsbsy 1999/11/29 v1.2d
\pmbraise@=\dimen104
)
(/usr/share/texmf-texlive/tex/latex/amsmath/amsopn.sty
Package: amsopn 1999/12/14 v2.01 operator names
)
\inf@bad=\count88
LaTeX Info: Redefining \frac on input line 211.
\uproot@=\count89
\leftroot@=\count90
LaTeX Info: Redefining \overline on input line 307.
\classnum@=\count91
\DOTSCASE@=\count92
LaTeX Info: Redefining \ldots on input line 379.
LaTeX Info: Redefining \dots on input line 382.
LaTeX Info: Redefining \cdots on input line 467.
\Mathstrutbox@=\box26
\strutbox@=\box27
\big@size=\dimen105
LaTeX Font Info:    Redeclaring font encoding OML on input line 567.
LaTeX Font Info:    Redeclaring font encoding OMS on input line 568.
\macc@depth=\count93
\c@MaxMatrixCols=\count94
\dotsspace@=\muskip10
\c@parentequation=\count95
\dspbrk@lvl=\count96
\tag@help=\toks15
\row@=\count97
\column@=\count98
\maxfields@=\count99
\andhelp@=\toks16
\eqnshift@=\dimen106
\alignsep@=\dimen107
\tagshift@=\dimen108
\tagwidth@=\dimen109
\totwidth@=\dimen110
\lineht@=\dimen111
\@envbody=\toks17
\multlinegap=\skip44
\multlinetaggap=\skip45
\mathdisplay@stack=\toks18
LaTeX Info: Redefining \[ on input line 2666.
LaTeX Info: Redefining \] on input line 2667.
)
(/usr/share/texmf-texlive/tex/latex/amscls/amsthm.sty
Package: amsthm 2004/08/06 v2.20
\thm@style=\toks19
\thm@bodyfont=\toks20
\thm@headfont=\toks21
\thm@notefont=\toks22
\thm@headpunct=\toks23
\thm@preskip=\skip46
\thm@postskip=\skip47
\thm@headsep=\skip48
\dth@everypar=\toks24
)
(/usr/share/texmf-texlive/tex/latex/amsfonts/amssymb.sty
Package: amssymb 2009/06/22 v3.00

(/usr/share/texmf-texlive/tex/latex/amsfonts/amsfonts.sty
Package: amsfonts 2009/06/22 v3.00 Basic AMSFonts support
\symAMSa=\mathgroup4
\symAMSb=\mathgroup5
LaTeX Font Info:    Overwriting math alphabet `\mathfrak' in version `bold'
(Font)                  U/euf/m/n --> U/euf/b/n on input line 96.
))
(/usr/share/texmf-texlive/tex/latex/base/latexsym.sty
Package: latexsym 1998/08/17 v2.2e Standard LaTeX package (lasy symbols)
\symlasy=\mathgroup6
LaTeX Font Info:    Overwriting symbol font `lasy' in version `bold'
(Font)                  U/lasy/m/n --> U/lasy/b/n on input line 47.
)
(/usr/share/texmf-texlive/tex/latex/ltxmisc/url.sty
\Urlmuskip=\muskip11
Package: url 2006/04/12  ver 3.3  Verb mode for urls, etc.
)
(/usr/share/texmf-texlive/tex/latex/hyperref/hyperref.sty
Package: hyperref 2009/10/09 v6.79a Hypertext links for LaTeX

(/usr/share/texmf-texlive/tex/latex/graphics/keyval.sty
Package: keyval 1999/03/16 v1.13 key=value parser (DPC)
\KV@toks@=\toks25
)
(/usr/share/texmf-texlive/tex/generic/oberdiek/ifpdf.sty
Package: ifpdf 2009/04/10 v2.0 Provides the ifpdf switch (HO)
Package ifpdf Info: pdfTeX in pdf mode detected.
)
(/usr/share/texmf-texlive/tex/generic/oberdiek/ifvtex.sty
Package: ifvtex 2008/11/04 v1.4 Switches for detecting VTeX and its modes (HO)
Package ifvtex Info: VTeX not detected.
)
(/usr/share/texmf-texlive/tex/generic/ifxetex/ifxetex.sty
Package: ifxetex 2009/01/23 v0.5 Provides ifxetex conditional
)
(/usr/share/texmf-texlive/tex/latex/oberdiek/hycolor.sty
Package: hycolor 2009/10/02 v1.5 Code for color options of hyperref/bookmark (H
O)

(/usr/share/texmf-texlive/tex/latex/oberdiek/xcolor-patch.sty
Package: xcolor-patch 2009/10/02 xcolor patch
))
\@linkdim=\dimen112
\Hy@linkcounter=\count100
\Hy@pagecounter=\count101

(/usr/share/texmf-texlive/tex/latex/hyperref/pd1enc.def
File: pd1enc.def 2009/10/09 v6.79a Hyperref: PDFDocEncoding definition (HO)
)
(/usr/share/texmf-texlive/tex/generic/oberdiek/etexcmds.sty
Package: etexcmds 2007/12/12 v1.2 Prefix for e-TeX command names (HO)

(/usr/share/texmf-texlive/tex/generic/oberdiek/infwarerr.sty
Package: infwarerr 2007/09/09 v1.2 Providing info/warning/message (HO)
)
Package etexcmds Info: Could not find \expanded.
(etexcmds)             That can mean that you are not using pdfTeX 1.50 or
(etexcmds)             that some package has redefined \expanded.
(etexcmds)             In the latter case, load this package earlier.
)
(/usr/share/texmf-texlive/tex/latex/latexconfig/hyperref.cfg
File: hyperref.cfg 2002/06/06 v1.2 hyperref configuration of TeXLive
)
(/usr/share/texmf-texlive/tex/latex/oberdiek/kvoptions.sty
Package: kvoptions 2009/08/13 v3.4 Keyval support for LaTeX options (HO)

(/usr/share/texmf-texlive/tex/generic/oberdiek/kvsetkeys.sty
Package: kvsetkeys 2009/07/30 v1.5 Key value parser with default handler suppor
t (HO)
))
Package hyperref Info: Hyper figures OFF on input line 2975.
Package hyperref Info: Link nesting OFF on input line 2980.
Package hyperref Info: Hyper index ON on input line 2983.
Package hyperref Info: Plain pages OFF on input line 2990.
Package hyperref Info: Backreferencing OFF on input line 2995.

Implicit mode ON; LaTeX internals redefined
Package hyperref Info: Bookmarks ON on input line 3191.
LaTeX Info: Redefining \url on input line 3428.
(/usr/share/texmf-texlive/tex/generic/oberdiek/bitset.sty
Package: bitset 2007/09/28 v1.0 Data type bit set (HO)

(/usr/share/texmf-texlive/tex/generic/oberdiek/intcalc.sty
Package: intcalc 2007/09/27 v1.1 Expandable integer calculations (HO)
)
(/usr/share/texmf-texlive/tex/generic/oberdiek/bigintcalc.sty
Package: bigintcalc 2007/11/11 v1.1 Expandable big integer calculations (HO)

(/usr/share/texmf-texlive/tex/generic/oberdiek/pdftexcmds.sty
Package: pdftexcmds 2009/09/23 v0.6 LuaTeX support for pdfTeX utility functions
 (HO)

(/usr/share/texmf-texlive/tex/generic/oberdiek/ifluatex.sty
Package: ifluatex 2009/04/17 v1.2 Provides the ifluatex switch (HO)
Package ifluatex Info: LuaTeX not detected.
)
(/usr/share/texmf-texlive/tex/generic/oberdiek/ltxcmds.sty
Package: ltxcmds 2009/08/05 v1.0 Some LaTeX kernel commands for general use (HO
)
)
Package pdftexcmds Info: LuaTeX not detected.
Package pdftexcmds Info: \pdf@primitive is available.
Package pdftexcmds Info: \pdf@ifprimitive is available.
)))
\Fld@menulength=\count102
\Field@Width=\dimen113
\Fld@charsize=\dimen114
\Field@toks=\toks26
Package hyperref Info: Hyper figures OFF on input line 4377.
Package hyperref Info: Link nesting OFF on input line 4382.
Package hyperref Info: Hyper index ON on input line 4385.
Package hyperref Info: backreferencing OFF on input line 4392.
Package hyperref Info: Link coloring OFF on input line 4397.
Package hyperref Info: Link coloring with OCG OFF on input line 4402.
Package hyperref Info: PDF/A mode OFF on input line 4407.

(/usr/share/texmf-texlive/tex/generic/oberdiek/atbegshi.sty
Package: atbegshi 2008/07/31 v1.9 At begin shipout hook (HO)
)
\Hy@abspage=\count103
\c@Item=\count104
\c@Hfootnote=\count105
)
*hyperref using default driver hpdftex*
(/usr/share/texmf-texlive/tex/latex/hyperref/hpdftex.def
File: hpdftex.def 2009/10/09 v6.79a Hyperref driver for pdfTeX
\Fld@listcount=\count106
)
(/usr/share/texmf/tex/latex/pgf/frontendlayer/tikz.sty
(/usr/share/texmf/tex/latex/pgf/basiclayer/pgf.sty
(/usr/share/texmf/tex/latex/pgf/utilities/pgfrcs.sty
(/usr/share/texmf/tex/generic/pgf/utilities/pgfutil-common.tex
\pgfutil@everybye=\toks27
)
(/usr/share/texmf/tex/generic/pgf/utilities/pgfutil-latex.def
\pgfutil@abb=\box28

(/usr/share/texmf-texlive/tex/latex/ms/everyshi.sty
Package: everyshi 2001/05/15 v3.00 EveryShipout Package (MS)
))
(/usr/share/texmf/tex/generic/pgf/utilities/pgfrcs.code.tex
Package: pgfrcs 2010/10/25 v2.10 (rcs-revision 1.24)
))
Package: pgf 2008/01/15 v2.10 (rcs-revision 1.12)

(/usr/share/texmf/tex/latex/pgf/basiclayer/pgfcore.sty
(/usr/share/texmf-texlive/tex/latex/graphics/graphicx.sty
Package: graphicx 1999/02/16 v1.0f Enhanced LaTeX Graphics (DPC,SPQR)

(/usr/share/texmf-texlive/tex/latex/graphics/graphics.sty
Package: graphics 2009/02/05 v1.0o Standard LaTeX Graphics (DPC,SPQR)

(/usr/share/texmf-texlive/tex/latex/graphics/trig.sty
Package: trig 1999/03/16 v1.09 sin cos tan (DPC)
)
(/etc/texmf/tex/latex/config/graphics.cfg
File: graphics.cfg 2009/08/28 v1.8 graphics configuration of TeX Live
)
Package graphics Info: Driver file: pdftex.def on input line 91.

(/usr/share/texmf-texlive/tex/latex/pdftex-def/pdftex.def
File: pdftex.def 2010/03/12 v0.04p Graphics/color for pdfTeX
\Gread@gobject=\count107
))
\Gin@req@height=\dimen115
\Gin@req@width=\dimen116
)
(/usr/share/texmf/tex/latex/pgf/systemlayer/pgfsys.sty
(/usr/share/texmf/tex/generic/pgf/systemlayer/pgfsys.code.tex
Package: pgfsys 2010/06/30 v2.10 (rcs-revision 1.37)

(/usr/share/texmf/tex/generic/pgf/utilities/pgfkeys.code.tex
\pgfkeys@pathtoks=\toks28
\pgfkeys@temptoks=\toks29

(/usr/share/texmf/tex/generic/pgf/utilities/pgfkeysfiltered.code.tex
\pgfkeys@tmptoks=\toks30
))
\pgf@x=\dimen117
\pgf@y=\dimen118
\pgf@xa=\dimen119
\pgf@ya=\dimen120
\pgf@xb=\dimen121
\pgf@yb=\dimen122
\pgf@xc=\dimen123
\pgf@yc=\dimen124
\w@pgf@writea=\write3
\r@pgf@reada=\read1
\c@pgf@counta=\count108
\c@pgf@countb=\count109
\c@pgf@countc=\count110
\c@pgf@countd=\count111

(/usr/share/texmf/tex/generic/pgf/systemlayer/pgf.cfg
File: pgf.cfg 2008/05/14  (rcs-revision 1.7)
)
Package pgfsys Info: Driver file for pgf: pgfsys-pdftex.def on input line 900.

(/usr/share/texmf/tex/generic/pgf/systemlayer/pgfsys-pdftex.def
File: pgfsys-pdftex.def 2009/05/22  (rcs-revision 1.26)

(/usr/share/texmf/tex/generic/pgf/systemlayer/pgfsys-common-pdf.def
File: pgfsys-common-pdf.def 2008/05/19  (rcs-revision 1.10)
)))
(/usr/share/texmf/tex/generic/pgf/systemlayer/pgfsyssoftpath.code.tex
File: pgfsyssoftpath.code.tex 2008/07/18  (rcs-revision 1.7)
\pgfsyssoftpath@smallbuffer@items=\count112
\pgfsyssoftpath@bigbuffer@items=\count113
)
(/usr/share/texmf/tex/generic/pgf/systemlayer/pgfsysprotocol.code.tex
File: pgfsysprotocol.code.tex 2006/10/16  (rcs-revision 1.4)
))
(/usr/share/texmf/tex/latex/xcolor/xcolor.sty
Package: xcolor 2007/01/21 v2.11 LaTeX color extensions (UK)

(/etc/texmf/tex/latex/config/color.cfg
File: color.cfg 2007/01/18 v1.5 color configuration of teTeX/TeXLive
)
Package xcolor Info: Driver file: pdftex.def on input line 225.
Package xcolor Info: Model `cmy' substituted by `cmy0' on input line 1337.
Package xcolor Info: Model `hsb' substituted by `rgb' on input line 1341.
Package xcolor Info: Model `RGB' extended on input line 1353.
Package xcolor Info: Model `HTML' substituted by `rgb' on input line 1355.
Package xcolor Info: Model `Hsb' substituted by `hsb' on input line 1356.
Package xcolor Info: Model `tHsb' substituted by `hsb' on input line 1357.
Package xcolor Info: Model `HSB' substituted by `hsb' on input line 1358.
Package xcolor Info: Model `Gray' substituted by `gray' on input line 1359.
Package xcolor Info: Model `wave' substituted by `hsb' on input line 1360.
)
(/usr/share/texmf/tex/generic/pgf/basiclayer/pgfcore.code.tex
Package: pgfcore 2010/04/11 v2.10 (rcs-revision 1.7)

(/usr/share/texmf/tex/generic/pgf/math/pgfmath.code.tex
(/usr/share/texmf/tex/generic/pgf/math/pgfmathcalc.code.tex
(/usr/share/texmf/tex/generic/pgf/math/pgfmathutil.code.tex)
(/usr/share/texmf/tex/generic/pgf/math/pgfmathparser.code.tex
\pgfmath@dimen=\dimen125
\pgfmath@count=\count114
\pgfmath@box=\box29
\pgfmath@toks=\toks31
\pgfmath@stack@operand=\toks32
\pgfmath@stack@operation=\toks33
)
(/usr/share/texmf/tex/generic/pgf/math/pgfmathfunctions.code.tex
(/usr/share/texmf/tex/generic/pgf/math/pgfmathfunctions.basic.code.tex)
(/usr/share/texmf/tex/generic/pgf/math/pgfmathfunctions.trigonometric.code.tex)
(/usr/share/texmf/tex/generic/pgf/math/pgfmathfunctions.random.code.tex)
(/usr/share/texmf/tex/generic/pgf/math/pgfmathfunctions.comparison.code.tex)
(/usr/share/texmf/tex/generic/pgf/math/pgfmathfunctions.base.code.tex)
(/usr/share/texmf/tex/generic/pgf/math/pgfmathfunctions.round.code.tex)
(/usr/share/texmf/tex/generic/pgf/math/pgfmathfunctions.misc.code.tex)))
(/usr/share/texmf/tex/generic/pgf/math/pgfmathfloat.code.tex
\c@pgfmathroundto@lastzeros=\count115
))
(/usr/share/texmf/tex/generic/pgf/basiclayer/pgfcorepoints.code.tex
File: pgfcorepoints.code.tex 2010/04/09  (rcs-revision 1.20)
\pgf@picminx=\dimen126
\pgf@picmaxx=\dimen127
\pgf@picminy=\dimen128
\pgf@picmaxy=\dimen129
\pgf@pathminx=\dimen130
\pgf@pathmaxx=\dimen131
\pgf@pathminy=\dimen132
\pgf@pathmaxy=\dimen133
\pgf@xx=\dimen134
\pgf@xy=\dimen135
\pgf@yx=\dimen136
\pgf@yy=\dimen137
\pgf@zx=\dimen138
\pgf@zy=\dimen139
)
(/usr/share/texmf/tex/generic/pgf/basiclayer/pgfcorepathconstruct.code.tex
File: pgfcorepathconstruct.code.tex 2010/08/03  (rcs-revision 1.24)
\pgf@path@lastx=\dimen140
\pgf@path@lasty=\dimen141
)
(/usr/share/texmf/tex/generic/pgf/basiclayer/pgfcorepathusage.code.tex
File: pgfcorepathusage.code.tex 2008/04/22  (rcs-revision 1.12)
\pgf@shorten@end@additional=\dimen142
\pgf@shorten@start@additional=\dimen143
)
(/usr/share/texmf/tex/generic/pgf/basiclayer/pgfcorescopes.code.tex
File: pgfcorescopes.code.tex 2010/09/08  (rcs-revision 1.34)
\pgfpic=\box30
\pgf@hbox=\box31
\pgf@layerbox@main=\box32
\pgf@picture@serial@count=\count116
)
(/usr/share/texmf/tex/generic/pgf/basiclayer/pgfcoregraphicstate.code.tex
File: pgfcoregraphicstate.code.tex 2008/04/22  (rcs-revision 1.9)
\pgflinewidth=\dimen144
)
(/usr/share/texmf/tex/generic/pgf/basiclayer/pgfcoretransformations.code.tex
File: pgfcoretransformations.code.tex 2009/06/10  (rcs-revision 1.11)
\pgf@pt@x=\dimen145
\pgf@pt@y=\dimen146
\pgf@pt@temp=\dimen147
)
(/usr/share/texmf/tex/generic/pgf/basiclayer/pgfcorequick.code.tex
File: pgfcorequick.code.tex 2008/10/09  (rcs-revision 1.3)
)
(/usr/share/texmf/tex/generic/pgf/basiclayer/pgfcoreobjects.code.tex
File: pgfcoreobjects.code.tex 2006/10/11  (rcs-revision 1.2)
)
(/usr/share/texmf/tex/generic/pgf/basiclayer/pgfcorepathprocessing.code.tex
File: pgfcorepathprocessing.code.tex 2008/10/09  (rcs-revision 1.8)
)
(/usr/share/texmf/tex/generic/pgf/basiclayer/pgfcorearrows.code.tex
File: pgfcorearrows.code.tex 2008/04/23  (rcs-revision 1.11)
)
(/usr/share/texmf/tex/generic/pgf/basiclayer/pgfcoreshade.code.tex
File: pgfcoreshade.code.tex 2008/11/23  (rcs-revision 1.13)
\pgf@max=\dimen148
\pgf@sys@shading@range@num=\count117
)
(/usr/share/texmf/tex/generic/pgf/basiclayer/pgfcoreimage.code.tex
File: pgfcoreimage.code.tex 2010/03/25  (rcs-revision 1.16)

(/usr/share/texmf/tex/generic/pgf/basiclayer/pgfcoreexternal.code.tex
File: pgfcoreexternal.code.tex 2010/09/01  (rcs-revision 1.17)
\pgfexternal@startupbox=\box33
))
(/usr/share/texmf/tex/generic/pgf/basiclayer/pgfcorelayers.code.tex
File: pgfcorelayers.code.tex 2010/08/27  (rcs-revision 1.2)
)
(/usr/share/texmf/tex/generic/pgf/basiclayer/pgfcoretransparency.code.tex
File: pgfcoretransparency.code.tex 2008/01/17  (rcs-revision 1.2)
)
(/usr/share/texmf/tex/generic/pgf/basiclayer/pgfcorepatterns.code.tex
File: pgfcorepatterns.code.tex 2009/07/02  (rcs-revision 1.3)
)))
(/usr/share/texmf/tex/generic/pgf/modules/pgfmoduleshapes.code.tex
File: pgfmoduleshapes.code.tex 2010/09/09  (rcs-revision 1.13)
\pgfnodeparttextbox=\box34
)
(/usr/share/texmf/tex/generic/pgf/modules/pgfmoduleplot.code.tex
File: pgfmoduleplot.code.tex 2010/10/22  (rcs-revision 1.8)
)
(/usr/share/texmf/tex/latex/pgf/compatibility/pgfcomp-version-0-65.sty
Package: pgfcomp-version-0-65 2007/07/03 v2.10 (rcs-revision 1.7)
\pgf@nodesepstart=\dimen149
\pgf@nodesepend=\dimen150
)
(/usr/share/texmf/tex/latex/pgf/compatibility/pgfcomp-version-1-18.sty
Package: pgfcomp-version-1-18 2007/07/23 v2.10 (rcs-revision 1.1)
))
(/usr/share/texmf/tex/latex/pgf/utilities/pgffor.sty
(/usr/share/texmf/tex/latex/pgf/utilities/pgfkeys.sty
(/usr/share/texmf/tex/generic/pgf/utilities/pgfkeys.code.tex))
(/usr/share/texmf/tex/generic/pgf/utilities/pgffor.code.tex
Package: pgffor 2010/03/23 v2.10 (rcs-revision 1.18)
\pgffor@iter=\dimen151
\pgffor@skip=\dimen152
\pgffor@stack=\toks34
\pgffor@toks=\toks35
))
(/usr/share/texmf/tex/generic/pgf/frontendlayer/tikz/tikz.code.tex
Package: tikz 2010/10/13 v2.10 (rcs-revision 1.76)

(/usr/share/texmf/tex/generic/pgf/libraries/pgflibraryplothandlers.code.tex
File: pgflibraryplothandlers.code.tex 2010/05/31 v2.10 (rcs-revision 1.15)
\pgf@plot@mark@count=\count118
\pgfplotmarksize=\dimen153
)
\tikz@lastx=\dimen154
\tikz@lasty=\dimen155
\tikz@lastxsaved=\dimen156
\tikz@lastysaved=\dimen157
\tikzleveldistance=\dimen158
\tikzsiblingdistance=\dimen159
\tikz@figbox=\box35
\tikz@tempbox=\box36
\tikztreelevel=\count119
\tikznumberofchildren=\count120
\tikznumberofcurrentchild=\count121
\tikz@fig@count=\count122

(/usr/share/texmf/tex/generic/pgf/modules/pgfmodulematrix.code.tex
File: pgfmodulematrix.code.tex 2010/08/24  (rcs-revision 1.4)
\pgfmatrixcurrentrow=\count123
\pgfmatrixcurrentcolumn=\count124
\pgf@matrix@numberofcolumns=\count125
)
\tikz@expandcount=\count126

(/usr/share/texmf/tex/generic/pgf/frontendlayer/tikz/libraries/tikzlibrarytopat
hs.code.tex
File: tikzlibrarytopaths.code.tex 2008/06/17 v2.10 (rcs-revision 1.2)
))) (/usr/share/texmf-texlive/tex/latex/tools/enumerate.sty
Package: enumerate 1999/03/05 v3.00 enumerate extensions (DPC)
\@enLab=\toks36
)
(/usr/share/texmf-texlive/tex/latex/comment/comment.sty
\CommentStream=\write4

Excluding comment 'comment')
(/usr/share/texmf-texlive/tex/latex/oberdiek/colonequals.sty
Package: colonequals 2006/08/01 v1.0 Colon equals symbols (HO)
)
(/usr/share/texmf-texlive/tex/generic/mathdots/mathdots.sty
Package: mathdots 2006/03/16 v0.8 Improve and add various macros for dots in ma
th.
\MD@unit=\dimen160
LaTeX Info: Redefining \ddots on input line 62.
LaTeX Info: Redefining \vdots on input line 66.
\MD@dotsbox=\box37
\MD@prekern=\muskip12
\MD@postkern=\muskip13
\MD@dotkern=\muskip14
LaTeX Info: Redefining \dddot on input line 87.
LaTeX Info: Redefining \ddddot on input line 87.
)
(/usr/share/texmf-texlive/tex/latex/stmaryrd/stmaryrd.sty
Package: stmaryrd 1994/03/03 St Mary's Road symbol package
\symstmry=\mathgroup7
LaTeX Font Info:    Overwriting symbol font `stmry' in version `bold'
(Font)                  U/stmry/m/n --> U/stmry/b/n on input line 89.
)
(/usr/share/texmf-texlive/tex/latex/base/inputenc.sty
Package: inputenc 2008/03/30 v1.1d Input encoding file
\inpenc@prehook=\toks37
\inpenc@posthook=\toks38

(/usr/share/texmf-texlive/tex/latex/ucs/utf8x.def
File: utf8x.def 2004/10/17 UCS: Input encoding UTF-8
))
(/usr/share/texmf-texlive/tex/latex/ucs/ucs.sty
Package: ucs 2004/10/17 UCS: Unicode input support

(/usr/share/texmf-texlive/tex/latex/ucs/data/uni-global.def
File: uni-global.def 2004/10/17 UCS: Unicode global data
)
\uc@secondtry=\count127
\uc@combtoks=\toks39
\uc@combtoksb=\toks40
\uc@temptokena=\toks41
)
(/usr/share/texmf-texlive/tex/latex/base/fontenc.sty
Package: fontenc 2005/09/27 v1.99g Standard LaTeX package

(/usr/share/texmf-texlive/tex/latex/cyrillic/ot2enc.def
File: ot2enc.def 2001/08/11 v3.3a Cyrillic encoding definition file
)
(/usr/share/texmf-texlive/tex/latex/base/ot1enc.def
File: ot1enc.def 2005/09/27 v1.99g Standard LaTeX file
LaTeX Font Info:    Redeclaring font encoding OT1 on input line 43.
))
(/usr/share/texmf-texlive/tex/generic/xypic/xypic.sty
(/usr/share/texmf-texlive/tex/generic/xypic/xy.sty
(/usr/share/texmf-texlive/tex/generic/xypic/xy.tex Bootstrap'ing: catcodes,
docmode, (/usr/share/texmf-texlive/tex/generic/xypic/xyrecat.tex)
(/usr/share/texmf-texlive/tex/generic/xypic/xyidioms.tex)

 Xy-pic version 3.7 <1999/02/16>
 Copyright (c) 1991-1998 by Kristoffer H. Rose <krisrose@ens-lyon.fr>
 Xy-pic is free software: see the User's Guide for details.

Loading kernel: messages; fonts; allocations: state,
\X@c=\dimen161
\Y@c=\dimen162
\U@c=\dimen163
\D@c=\dimen164
\L@c=\dimen165
\R@c=\dimen166
\Edge@c=\toks42
\X@p=\dimen167
\Y@p=\dimen168
\U@p=\dimen169
\D@p=\dimen170
\L@p=\dimen171
\R@p=\dimen172
\Edge@p=\toks43
\X@origin=\dimen173
\Y@origin=\dimen174
\X@xbase=\dimen175
\Y@xbase=\dimen176
\X@ybase=\dimen177
\Y@ybase=\dimen178
\X@min=\dimen179
\Y@min=\dimen180
\X@max=\dimen181
\Y@max=\dimen182
\lastobjectbox@=\box38
\zerodotbox@=\box39
\almostz@=\dimen183
 direction,
\d@X=\dimen184
\d@Y=\dimen185
\K@=\count128
\KK@=\count129
\Direction=\count130
\K@dXdY=\dimen186
\K@dYdX=\dimen187
\xyread@=\read2
\xywrite@=\write5
\csp@=\count131
\quotPTK@=\dimen188

utility macros; pictures: \xy, positions,
\swaptoks@@=\toks44
\connectobjectbox@@=\box40
 objects,
\styletoks@=\toks45
 decorations;
kernel objects: directionals, circles, text; options; algorithms: directions,
edges, connections;  Xy-pic loaded)

LaTeX Warning: You have requested package `xypic',
               but the package provides `xy'.

Package: xy 1999/02/16 Xy-pic version 3.7
(/usr/share/texmf-texlive/tex/generic/xypic/xyall.tex
 Xy-pic option: All features v.3.3
(/usr/share/texmf-texlive/tex/generic/xypic/xycurve.tex
 Xy-pic option: Curve and Spline extension v.3.7 curve,
\crv@cnt@=\count132
\crvpts@=\toks46
\splinebox@=\box41
\splineval@=\dimen189
\splinedepth@=\dimen190
\splinetol@=\dimen191
\splinelength@=\dimen192
 circles,
\L@=\dimen193
 loaded)
(/usr/share/texmf-texlive/tex/generic/xypic/xyframe.tex
 Xy-pic option: Frame and Bracket extension v.3.7 loaded)
(/usr/share/texmf-texlive/tex/generic/xypic/xycmtip.tex
 Xy-pic option: Computer Modern tip extension v.3.3
(/usr/share/texmf-texlive/tex/generic/xypic/xytips.tex
 Xy-pic option: More Tips extension v.3.3 loaded) loaded)
(/usr/share/texmf-texlive/tex/generic/xypic/xyline.tex
 Xy-pic option: Line styles extension v.3.6
\xylinethick@=\dimen194
 loaded)
(/usr/share/texmf-texlive/tex/generic/xypic/xyrotate.tex
 Xy-pic option: Rotate and Scale extension v.3.3 loaded)
(/usr/share/texmf-texlive/tex/generic/xypic/xycolor.tex
 Xy-pic option: Colour extension v.3.3 loaded)
(/usr/share/texmf-texlive/tex/generic/xypic/xymatrix.tex
 Xy-pic option: Matrix feature v.3.4
\Row=\count133
\Col=\count134
\queue@=\toks47
\queue@@=\toks48
\qcount@=\count135
\qcount@@=\count136
\matrixsize@=\count137
 loaded)
(/usr/share/texmf-texlive/tex/generic/xypic/xyarrow.tex
 Xy-pic option: Arrow and Path feature v.3.5 path, \ar, loaded)
(/usr/share/texmf-texlive/tex/generic/xypic/xygraph.tex
 Xy-pic option: Graph feature v.3.7 loaded) loaded))
(/usr/share/texmf-texlive/tex/generic/xypic/xyv2.tex
 Xy-pic option: Version 2 Compatibility v.3.4

Xy-pic Warning: `\merge' redefined.


Xy-pic Warning: `\stop' redefined.

loaded))
\c@thm=\count138
 (./alpbach-2012.aux)
\openout1 = `alpbach-2012.aux'.

LaTeX Font Info:    Checking defaults for OML/cmm/m/it on input line 211.
LaTeX Font Info:    ... okay on input line 211.
LaTeX Font Info:    Checking defaults for T1/cmr/m/n on input line 211.
LaTeX Font Info:    ... okay on input line 211.
LaTeX Font Info:    Checking defaults for OT1/cmr/m/n on input line 211.
LaTeX Font Info:    ... okay on input line 211.
LaTeX Font Info:    Checking defaults for OMS/cmsy/m/n on input line 211.
LaTeX Font Info:    ... okay on input line 211.
LaTeX Font Info:    Checking defaults for OMX/cmex/m/n on input line 211.
LaTeX Font Info:    ... okay on input line 211.
LaTeX Font Info:    Checking defaults for U/cmr/m/n on input line 211.
LaTeX Font Info:    ... okay on input line 211.
LaTeX Font Info:    Checking defaults for PD1/pdf/m/n on input line 211.
LaTeX Font Info:    ... okay on input line 211.
LaTeX Font Info:    Checking defaults for OT2/cmr/m/n on input line 211.
LaTeX Font Info:    Try loading font information for OT2+cmr on input line 211.


(/usr/share/texmf-texlive/tex/latex/cyrillic/ot2cmr.fd
File: ot2cmr.fd 2001/08/11 v3.2c Computer Modern Cyrillic font definitions
)
LaTeX Font Info:    ... okay on input line 211.
Package hyperref Info: Link coloring OFF on input line 211.

(/usr/share/texmf-texlive/tex/latex/hyperref/nameref.sty
Package: nameref 2007/05/29 v2.31 Cross-referencing by name of section

(/usr/share/texmf-texlive/tex/latex/oberdiek/refcount.sty
Package: refcount 2008/08/11 v3.1 Data extraction from references (HO)
)
\c@section@level=\count139
)
LaTeX Info: Redefining \ref on input line 211.
LaTeX Info: Redefining \pageref on input line 211.
 (./alpbach-2012.out) (./alpbach-2012.out)
\@outlinefile=\write6
\openout6 = `alpbach-2012.out'.

\AtBeginShipoutBox=\box42
 ABD: EveryShipout initializing macros
(/usr/share/texmf-texlive/tex/context/base/supp-pdf.mkii
[Loading MPS to PDF converter (version 2006.09.02).]
\scratchcounter=\count140
\scratchdimen=\dimen195
\scratchbox=\box43
\nofMPsegments=\count141
\nofMParguments=\count142
\everyMPshowfont=\toks49
\MPscratchCnt=\count143
\MPscratchDim=\dimen196
\MPnumerator=\count144
\everyMPtoPDFconversion=\toks50
) (/usr/share/texmf-texlive/tex/latex/ucs/ucsencs.def
File: ucsencs.def 2003/11/29 Fixes to fontencodings LGR, T3
)
LaTeX Font Info:    Try loading font information for U+msa on input line 216.

(/usr/share/texmf-texlive/tex/latex/amsfonts/umsa.fd
File: umsa.fd 2009/06/22 v3.00 AMS symbols A
)
LaTeX Font Info:    Try loading font information for U+msb on input line 216.

(/usr/share/texmf-texlive/tex/latex/amsfonts/umsb.fd
File: umsb.fd 2009/06/22 v3.00 AMS symbols B
)
LaTeX Font Info:    Try loading font information for U+lasy on input line 216.

(/usr/share/texmf-texlive/tex/latex/base/ulasy.fd
File: ulasy.fd 1998/08/17 v2.2e LaTeX symbol font definitions
)
LaTeX Font Info:    Try loading font information for U+stmry on input line 216.


(/usr/share/texmf-texlive/tex/latex/stmaryrd/Ustmry.fd)

LaTeX Warning: No \author given.

[1

{/var/lib/texmf/fonts/map/pdftex/updmap/pdftex.map}] (./alpbach-2012.toc
Overfull \hbox (5.83846pt too wide) in paragraph at lines 13--13
 [] []\OT1/cmr/bx/n/10.95 *Pre-lim-i-nary Talk: Co-ho-mol-ogy, Hodge struc-ture
 and Hopf al-ge-bras by Sergey Gorchin- 
 []

pdfTeX warning (ext4): destination with the same identifier (name{page.1}) has 
been already used, duplicate ignored
<to be read again> 
                   \relax 
l.43 ...x by Thomas Wei{\ss }schuh}{57}{chapter.3}
                                                   [1

] [2])
\tf@toc=\write7
\openout7 = `alpbach-2012.toc'.

 (./prelim-1.tex
[3] <xymatrix 5x6 599>
Overfull \hbox (4.48997pt too wide) detected at line 48
[]
 []

[4

] [5]
LaTeX Font Info:    Try loading font information for OMS+cmr on input line 98.
 (/usr/share/texmf-texlive/tex/latex/base/omscmr.fd
File: omscmr.fd 1999/05/25 v2.5h Standard LaTeX font definitions
)
LaTeX Font Info:    Font shape `OMS/cmr/m/n' in size <12> not available
(Font)              Font shape `OMS/cmsy/m/n' tried instead on input line 98.
 [6]
LaTeX Font Info:    Font shape `U/lasy/b/n' in size <8> not available
(Font)              Font shape `U/lasy/m/n' tried instead on input line 158.
LaTeX Font Info:    Font shape `U/lasy/b/n' in size <6> not available
(Font)              Font shape `U/lasy/m/n' tried instead on input line 158.


LaTeX Font Warning: Font shape `U/stmry/b/n' undefined
(Font)              using `U/stmry/m/n' instead on input line 158.

[7] [8] [9]
LaTeX Font Info:    Try loading font information for U+euf on input line 266.
 (/usr/share/texmf-texlive/tex/latex/amsfonts/ueuf.fd
File: ueuf.fd 2009/06/22 v3.00 Euler Fraktur
) <xymatrix
3x2 142> [10] <xymatrix 2x2 134> <xymatrix 3x2 142>

LaTeX Warning: Reference `ch:prounipotent' on page 11 undefined on input line 3
42.

) (./prelim-2.tex [11] <xymatrix 3x2 108> [12

] [13] [14] <xymatrix 3x2 292>
[15] [16] [17] <xymatrix 3x1 139> [18]) (./talk-1.tex [19]
Chapter 1.
[20

] [21]
Overfull \hbox (3.14824pt too wide) in paragraph at lines 114--115
[][]\OT1/cmr/bx/n/12 Definition 1.13. []\OT1/cmr/m/n/12 Let $\U/euf/m/n/12 H \O
T1/cmr/m/n/12 = \U/msb/m/n/12 Q\OMS/cmsy/m/n/12 h\OML/cmm/m/it/12 x[]; x[]\OMS/
cmsy/m/n/12 i$ \OT1/cmr/m/n/12 be the $\U/msb/m/n/12 Q$\OT1/cmr/m/n/12 -algebra
 of poly-no-mi-als in the two non-commutative
 []

[22] [23pdfTeX warning (ext4): destination with the same identifier (name{}) ha
s been already used, duplicate ignored

\AtBegShi@Output ...ipout \box \AtBeginShipoutBox 
                                                  \fi \fi 
l.202 \]
        ] [24]) (./talk-2.tex [25]
Chapter 2.
<xymatrix 3x2 108> [26

] <xymatrix 2x2 141> [27] <xymatrix 6x6 800> [28]pdfTeX warning (ext4): destina
tion with the same identifier (name{}) has been already used, duplicate ignored

<to be read again> 
                   \relax 
l.161 \begin{eqnarray*}
                        [29]
Overfull \hbox (12.70815pt too wide) in alignment at lines 205--212
 [][][] []
 []

[30]
Overfull \hbox (25.57672pt too wide) in alignment at lines 263--266
 [][][] []
 []

[31]pdfTeX warning (ext4): destination with the same identifier (name{}) has be
en already used, duplicate ignored
<to be read again> 
                   \relax 
l.299 \begin{eqnarray*}
                        [32]
Overfull \hbox (7.75633pt too wide) detected at line 340
[][] [] [] \OT1/cmr/m/n/12 d\OML/cmm/m/it/12 z \OT1/cmr/m/n/12 = [][] [] []d\OM
L/cmm/m/it/12 z \OT1/cmr/m/n/12 = [] []
 []

[33] [34] <xymatrix 3x1 188> [35] <xymatrix 3x1 188> <xymatrix 3x1 188>
<xymatrix 5x1 198> [36] [37] <xymatrix 2x5 412> [38] [39]

LaTeX Warning: \oval, \circle, or \line size unavailable on input line 756.


LaTeX Warning: \oval, \circle, or \line size unavailable on input line 757.

[40]

Package amsmath Warning: Foreign command \atopwithdelims;
(amsmath)                \frac or \genfrac should be used instead
(amsmath)                 on input line 809.

) (./talk-3.tex [41] [42

] <xymatrix 2x2 154> [43] [44] [45] [46] [47] [48]
<xymatrix 5x2 314> <xymatrix 3x1 168> [49] <xymatrix 4x1 263> [50] [51]
[52] [53] [54]) (./talk-4.tex [55] [56]
Chapter 3.
<xymatrix 5x5 812> [57

] [58] [59] <xymatrix 5x3 382> <xymatrix 5x3 382>
[60] <xymatrix 6x6 815> [61] [62] <xymatrix 1x3 293> [63] [64] <xymatrix 5x2
314> <xymatrix 6x5 552> [65]
Overfull \hbox (3.8866pt too wide) in paragraph at lines 401--411
\OT1/cmr/m/n/12 Fact: "Do-ing the sum-ma-tion" gives an quasi-isomorphism of co
m-plexes $[][\OML/cmm/m/it/12 n\OT1/cmr/m/n/12 ] \OMS/cmsy/m/n/12 ! \OML/cmm/m/
it/12 F[][]\OT1/cmr/m/n/12 (\OML/cmm/m/it/12 A[]; a; b\OT1/cmr/m/n/12 )$.
 []

<xymatrix 3x2 138>) (./talk-5.tex [66]
Chapter 4.
[67

] <xymatrix 2x2 141> <xymatrix 2x1 80>
Overfull \hbox (2.8507pt too wide) in paragraph at lines 77--78
[][]\OT1/cmr/bx/n/12 Proposition 4.5. []\OT1/cmr/m/it/12 The Riemann-Hilbert co
r-re-spon-dence takes unipo-tent rep-re-sen-ta-tions to unipo-
 []


Package hyperref Warning: Token not allowed in a PDF string (PDFDocEncoding):
(hyperref)                removing `math shift' on input line 83.


Package hyperref Warning: Token not allowed in a PDF string (PDFDocEncoding):
(hyperref)                removing `math shift' on input line 83.

[68] [69] [70]) (./talk-6.tex [71]
Chapter 5.

LaTeX Warning: Reference `prop:isompione' on page 72 undefined on input line 31
.

[72

] <xymatrix 2x2 100> [73] <xymatrix 2x2 86> [74] <xymatrix 2x2 134>
<xymatrix 3x1 186> <xymatrix 2x1 51>
Overfull \hbox (0.64264pt too wide) detected at line 209
[]
 []

[75]
Overfull \hbox (1.9638pt too wide) in paragraph at lines 211--212
[]$\OML/cmm/m/it/12 w[]; [] ; w[]$ \OT1/cmr/m/n/12 closed dif-fer-en-tial $1$-f
orms such that $\OML/cmm/m/it/12 ![] \OMS/cmsy/m/n/12 ^ \OML/cmm/m/it/12 ![] \O
T1/cmr/m/n/12 = 0$. $\OML/cmm/m/it/12 ![] \OMS/cmsy/m/n/12 
 [] 
 \OML/cmm/m/it/12 ![] \OMS/cmsy/m/n/12 2 O\OT1/cmr/m/n/12 (\OML/cmm/m/it/12 ^^Y
[]\OT1/cmr/m/n/12 (\OML/cmm/m/it/12 X\OT1/cmr/m/n/12 ; \OML/cmm/m/it/12 a; b\OT
1/cmr/m/n/12 )[]) \OMS/cmsy/m/n/12 

 []

) (./talk-7.tex [76]
Chapter 6.
[77

]
Overfull \hbox (6.2369pt too wide) in paragraph at lines 26--27
[]\OT1/cmr/m/n/12 We now con-sider the de Rham re-al-iza-tion $\OML/cmm/m/it/12
 ^^Y[]\OT1/cmr/m/n/12 (\OML/cmm/m/it/12 X\OT1/cmr/m/n/12 ; \OML/cmm/m/it/12 a; 
b\OT1/cmr/m/n/12 )[]$ of the affine $[](\OML/cmm/m/it/12 k\OT1/cmr/m/n/12 )$-sc
heme $\OML/cmm/m/it/12 ^^Y[]\OT1/cmr/m/n/12 (\OML/cmm/m/it/12 X\OT1/cmr/m/n/12 
; \OML/cmm/m/it/12 a; b\OT1/cmr/m/n/12 )[]$
 []


LaTeX Warning: Reference `chapxavier' on page 78 undefined on input line 39.


LaTeX Warning: Reference `chapterkonrad' on page 78 undefined on input line 46.



LaTeX Warning: Reference `chap:alberto' on page 78 undefined on input line 53.

[78]

LaTeX Warning: Reference `chapteralberto' on page 79 undefined on input line 64
.


LaTeX Warning: Reference `chapxavier' on page 79 undefined on input line 66.


LaTeX Warning: Reference `chapalberto' on page 79 undefined on input line 67.

[79] [80]

LaTeX Warning: Reference `chap:fritz' on page 81 undefined on input line 151.

[81]

LaTeX Warning: Reference `chap:alberto' on page 82 undefined on input line 162.



LaTeX Warning: Reference `chap:alberto' on page 82 undefined on input line 175.



Overfull \hbox (7.58653pt too wide) in paragraph at lines 174--177
\OT1/cmr/m/n/12 Chapter [] de-liv-ers a $\OML/cmm/m/it/12 ^^Y[]\OT1/cmr/m/n/12 
(\OML/cmm/m/it/12 M\OT1/cmr/m/n/12 ; \OML/cmm/m/it/12 a\OT1/cmr/m/n/12 )[]$-tor
sor $\OML/cmm/m/it/12 ^^Y[]\OT1/cmr/m/n/12 (\OML/cmm/m/it/12 M\OT1/cmr/m/n/12 ;
 \OML/cmm/m/it/12 a; v\OT1/cmr/m/n/12 )[]$ com-ing from the $\OML/cmm/m/it/12 ^
^Y[]\OT1/cmr/m/n/12 (\OML/cmm/m/it/12 M\OT1/cmr/m/n/12 ; \OML/cmm/m/it/12 a\OT1
/cmr/m/n/12 )$-torsor $\OML/cmm/m/it/12 ^^Y[]\OT1/cmr/m/n/12 (\OML/cmm/m/it/12 
M\OT1/cmr/m/n/12 ; \OML/cmm/m/it/12 a; v\OT1/cmr/m/n/12 )$,
 []


Overfull \hbox (1.3958pt too wide) in paragraph at lines 185--188
\OT1/cmr/m/n/12 We form the prod-uct of right and left $\OML/cmm/m/it/12 ^^Y[]\
OT1/cmr/m/n/12 (\OML/cmm/m/it/12 M\OT1/cmr/m/n/12 ; \OML/cmm/m/it/12 a\OT1/cmr/
m/n/12 )[]$-torsors, given by $\OML/cmm/m/it/12 ^^Y[]\OT1/cmr/m/n/12 (\OML/cmm/
m/it/12 M\OT1/cmr/m/n/12 ; \OML/cmm/m/it/12 u; a\OT1/cmr/m/n/12 )[]$ and $\OML/
cmm/m/it/12 ^^Y[]\OT1/cmr/m/n/12 (\OML/cmm/m/it/12 M\OT1/cmr/m/n/12 ; \OML/cmm/
m/it/12 a; v\OT1/cmr/m/n/12 )[]$
 []

[82]

Package hyperref Warning: Token not allowed in a PDF string (PDFDocEncoding):
(hyperref)                removing `math shift' on input line 219.


Package hyperref Warning: Token not allowed in a PDF string (PDFDocEncoding):
(hyperref)                removing `math shift' on input line 219.


Package hyperref Warning: Token not allowed in a PDF string (PDFDocEncoding):
(hyperref)                removing `subscript' on input line 219.


Package hyperref Warning: Token not allowed in a PDF string (PDFDocEncoding):
(hyperref)                removing `math shift' on input line 219.


Package hyperref Warning: Token not allowed in a PDF string (PDFDocEncoding):
(hyperref)                removing `math shift' on input line 219.

[83]

Package hyperref Warning: Token not allowed in a PDF string (PDFDocEncoding):
(hyperref)                removing `math shift' on input line 260.


Package hyperref Warning: Token not allowed in a PDF string (PDFDocEncoding):
(hyperref)                removing `math shift' on input line 260.


Package hyperref Warning: Token not allowed in a PDF string (PDFDocEncoding):
(hyperref)                removing `math shift' on input line 260.


Package hyperref Warning: Token not allowed in a PDF string (PDFDocEncoding):
(hyperref)                removing `math shift' on input line 260.

[84]

LaTeX Warning: Reference `chap:fritz' on page 85 undefined on input line 275.

) (./talk-8.tex [85]
Chapter 7.
[86

] [87] [88] [89] <xymatrix 2x2 182>
Overfull \hbox (8.03073pt too wide) in paragraph at lines 264--266
[]\OT1/cmr/m/n/12 The proof pro-ceeds in two steps: First we con-struct a sur-j
ec-tive mor-phism $\OML/cmm/m/it/12  \OT1/cmr/m/n/12 : [] []\OML/cmm/m/it/12 T
\OT1/cmr/m/n/12 (\OML/cmm/m/it/12 V\OT1/cmr/m/n/12 ) \OMS/cmsy/m/n/12 !
 []

[90]
Overfull \hbox (3.52855pt too wide) in paragraph at lines 283--287
\OT1/cmr/m/n/12 and this ex-ten-sion splits, giv-ing a sec-tion $\OML/cmm/m/it/
12 s \OT1/cmr/m/n/12 : \OML/cmm/m/it/12 G[] \OMS/cmsy/m/n/12 ! [] []\OML/cmm/m/
it/12 T\OT1/cmr/m/n/12 (\OML/cmm/m/it/12 V\OT1/cmr/m/n/12 )\OML/cmm/m/it/12 =\O
T1/cmr/m/n/12 [\OML/cmm/m/it/12 U; U\OT1/cmr/m/n/12 ]$. Since $\OML/cmm/m/it/12
 s \OMS/cmsy/m/n/12 ^^N \OML/cmm/m/it/12 $ \OT1/cmr/m/n/12 on $\OMS/cmsy/m/n/1
2 f\OML/cmm/m/it/12 ^^M[]; [] ; ^^M[]\OMS/cmsy/m/n/12 g ^^Z
 []

[91]
Overfull \hbox (7.86853pt too wide) in paragraph at lines 373--374
[]\OT1/cmr/m/it/12 Let $\OML/cmm/m/it/12 U$ \OT1/cmr/m/it/12 be a graded pro-un
ipotent group, then there is a sur-jec-tive graded mor-phism $[] []\OML/cmm/m/i
t/12 T\OT1/cmr/m/n/12 (\OML/cmm/m/it/12 V\OT1/cmr/m/n/12 ) \U/msa/m/n/12 ^^P
 []

[92] <xymatrix 3x2 190>
LaTeX Font Info:    Font shape `OMS/cmr/m/it' in size <12> not available
(Font)              Font shape `OMS/cmsy/m/n' tried instead on input line 461.
 [93]
Overfull \hbox (8.10808pt too wide) in paragraph at lines 486--488
\OT1/cmr/m/n/12 Since $\OMS/cmsy/m/n/12 O\OT1/cmr/m/n/12 (\U/msb/m/n/12 G[]\OT1
/cmr/m/n/12 )[]$, the in-vari-ants of $\OMS/cmsy/m/n/12 O\OT1/cmr/m/n/12 (\U/ms
b/m/n/12 G[]\OT1/cmr/m/n/12 )$ un-der $\OMS/cmsy/m/n/12 ^^@\OT1/cmr/m/n/12 1$, 
is iso-mor-phic to $\OML/cmm/m/it/12 k\OT1/cmr/m/n/12 [\OML/cmm/m/it/12 t[]; t[
]\OT1/cmr/m/n/12 ]$, we have $\OMS/cmsy/m/n/12 O\OT1/cmr/m/n/12 ([][]\OMS/cmsy/
m/n/12 n\OML/cmm/m/it/12 G[]\OT1/cmr/m/n/12 ) =
 []

) (./talk-9.tex [94]
Chapter 8.

Package hyperref Warning: Token not allowed in a PDF string (PDFDocEncoding):
(hyperref)                removing `math shift' on input line 1.


Package hyperref Warning: Token not allowed in a PDF string (PDFDocEncoding):
(hyperref)                removing `math shift' on input line 1.


Package hyperref Warning: Token not allowed in a PDF string (PDFDocEncoding):
(hyperref)                removing `math shift' on input line 1.


Package hyperref Warning: Token not allowed in a PDF string (PDFDocEncoding):
(hyperref)                removing `math shift' on input line 1.

(/usr/share/texmf-texlive/tex/latex/ucs/data/uni-0.def
File: uni-0.def 2004/10/17 UCS: Unicode data U+0000..U+00FF
) [95

] <xymatrix 2x2
130> <xymatrix 2x2 130> [96] [97] <xymatrix 3x1 96> [98]
Overfull \hbox (11.11533pt too wide) in paragraph at lines 268--272
\OT1/cmr/m/n/12 and com-po-si-tion is in-duced by the orig-i-nal one. There is 
a canon-i-cal func-tor $\OML/cmm/m/it/12 K[]\OT1/cmr/m/n/12 ([](\OML/cmm/m/it/1
2 k\OT1/cmr/m/n/12 )) \OMS/cmsy/m/n/12 !
 []

[99] [100] [101] [102] <xymatrix 2x2 137> [103] [104]
Overfull \hbox (17.76152pt too wide) in paragraph at lines 664--668
\OT1/cmr/m/n/12 look like for dif-fer-ent $\OML/cmm/m/it/12 m; n; i; j \OMS/cms
y/m/n/12 2 \U/msb/m/n/12 Z$\OT1/cmr/m/n/12 ---assuming the Beilinson-Soul^^Se v
an-ish-ing con-jec-ture (see [[]]): 
 []

[105] [106]
Overfull \hbox (12.05403pt too wide) in paragraph at lines 818--822
[]\OT1/cmr/m/n/12 Having de-scribed the el-e-ments of the in-fi-nite di-men-sio
nal $\U/msb/m/n/12 Q$\OT1/cmr/m/n/12 -vector space $[][](\U/msb/m/n/12 Q\OT1/cm
r/m/n/12 (0)\OML/cmm/m/it/12 ; \U/msb/m/n/12 Q\OT1/cmr/m/n/12 (1))$
 []

[107]
Overfull \hbox (46.64922pt too wide) in paragraph at lines 877--880
$\U/msb/m/n/12 Q \OMS/cmsy/m/n/12 ^^A \OML/cmm/m/it/12 e[]$ \OT1/cmr/m/n/12 be-
ing a one-dimensional $\U/msb/m/n/12 Q$\OT1/cmr/m/n/12 -vector space in de-gree
 $2\OML/cmm/m/it/12 n \OT1/cmr/m/n/12 + 1$, cor-re-spond-ing to $[][](\U/msb/m/
n/12 Q\OT1/cmr/m/n/12 (0)\OML/cmm/m/it/12 ; \U/msb/m/n/12 Q\OT1/cmr/m/n/12 (2\O
ML/cmm/m/it/12 n \OT1/cmr/m/n/12 +
 []

<xymatrix 3x2 145> [108] <xymatrix 2x2 182> [109] <xymatrix 2x3 231> <xymatrix
3x3 448> [110]) (./talk-10.tex [111]
Chapter 9.
<xymatrix 3x1 82> [112

] [113]
Overfull \hbox (53.8067pt too wide) detected at line 103
[]
 []

[114]
Overfull \hbox (64.73938pt too wide) in paragraph at lines 137--138
[][]\OT1/cmr/bx/n/12 Proposition 9.5. []\OT1/cmr/m/it/12 There is a nat-u-ral s
truc-ture of Hopf al-ge-broid struc-ture on the sys-tem $\OT1/cmr/m/n/12 (\OML/
cmm/m/it/12 B[]\OT1/cmr/m/n/12 (\OML/cmm/m/it/12 X\OT1/cmr/m/n/12 ; \OML/cmm/m/
it/12 a; b\OT1/cmr/m/n/12 ))[]$\OT1/cmr/m/it/12 . 
 []

[115]
Overfull \hbox (27.71582pt too wide) in paragraph at lines 185--186
[]\OT1/cmr/m/n/12 This al-lows to trans-fer our al-ge-braic struc-tures on $\OM
L/cmm/m/it/12 B[]\OT1/cmr/m/n/12 (\OML/cmm/m/it/12 X\OT1/cmr/m/n/12 ; \OML/cmm/
m/it/12 a; b\OT1/cmr/m/n/12 )$ to $\OML/cmm/m/it/12 H[]\OT1/cmr/m/n/12 (\OML/cm
m/m/it/12 B[]\OT1/cmr/m/n/12 (\OML/cmm/m/it/12 X\OT1/cmr/m/n/12 ; \OML/cmm/m/it
/12 a; b\OT1/cmr/m/n/12 )) \OMS/cmsy/m/n/12 2 []\OT1/cmr/m/n/12 ([](\OML/cmm/m/
it/12 k\OT1/cmr/m/n/12 ))$
 []


Overfull \hbox (35.96028pt too wide) in paragraph at lines 199--200
[][]\OT1/cmr/bx/n/12 Proposition 9.9. []\OT1/cmr/m/it/12 The $[]\OT1/cmr/m/n/12
 (\OML/cmm/m/it/12 k\OT1/cmr/m/n/12 )$\OT1/cmr/m/it/12 -scheme $\OML/cmm/m/it/1
2 ^^Y[]\OT1/cmr/m/n/12 (\OML/cmm/m/it/12 X\OT1/cmr/m/n/12 ; \OML/cmm/m/it/12 a;
 b\OT1/cmr/m/n/12 )$ \OT1/cmr/m/it/12 has non-negative weights, i.e. $\OML/cmm/
m/it/12 W[]\OMS/cmsy/m/n/12 O\OT1/cmr/m/n/12 (\OML/cmm/m/it/12 ^^Y[]\OT1/cmr/m/
n/12 (\OML/cmm/m/it/12 X\OT1/cmr/m/n/12 ; \OML/cmm/m/it/12 a; b\OT1/cmr/m/n/12 
)) =
 []

[116]

LaTeX Warning: Citation `brbr' on page 117 undefined on input line 220.

[117] [118]

Package hyperref Warning: Token not allowed in a PDF string (PDFDocEncoding):
(hyperref)                removing `math shift' on input line 297.


Package hyperref Warning: Token not allowed in a PDF string (PDFDocEncoding):
(hyperref)                removing `math shift' on input line 297.


Package hyperref Warning: Token not allowed in a PDF string (PDFDocEncoding):
(hyperref)                removing `subscript' on input line 297.


Package hyperref Warning: Token not allowed in a PDF string (PDFDocEncoding):
(hyperref)                removing `math shift' on input line 297.


Package hyperref Warning: Token not allowed in a PDF string (PDFDocEncoding):
(hyperref)                removing `math shift' on input line 297.

[119]

LaTeX Warning: Citation `ab' on page 120 undefined on input line 367.

[120] [121] [122] [123] [124]
Overfull \hbox (21.63094pt too wide) in paragraph at lines 534--535
\OT1/cmr/m/n/12 ous sec-tion. Of course, since we de-fined $\OML/cmm/m/it/12 ^^
Y[]\OT1/cmr/m/n/12 (\OML/cmm/m/it/12 X\OT1/cmr/m/n/12 ; \OML/cmm/m/it/12 u; v\O
T1/cmr/m/n/12 )[]$ in the same fash-ion, we have $\OML/cmm/m/it/12 ![]\OT1/cmr/
m/n/12 (\OML/cmm/m/it/12 ^^Y[]\OT1/cmr/m/n/12 (\OML/cmm/m/it/12 X\OT1/cmr/m/n/1
2 ; \OML/cmm/m/it/12 u; v\OT1/cmr/m/n/12 )[]) \OMS/cmsy/m/n/12 '
 []

[125]) (./talk-11.tex [126]
Chapter 10.

LaTeX Warning: Reference `def:dch' on page 127 undefined on input line 39.

[127

] <xymatrix 5x1 194> <xymatrix 3x2 183> <xymatrix 2x2 100> [128]
Overfull \hbox (9.86942pt too wide) in paragraph at lines 132--134
\OT1/cmr/m/n/12 We need to dervi-ate $\OML/cmm/m/it/12 ^^P[]\OT1/cmr/m/n/12 (2\
OML/cmm/m/it/12 ; [] ; \OT1/cmr/m/n/12 2)$. Ap-ply Kontsevich-Zagier for-mula a
gain to in-fer that $\OML/cmm/m/it/12 ^^P[]\OT1/cmr/m/n/12 ([])$
 []

[129] <xymatrix 2x1 94> [130]
Overfull \hbox (44.73843pt too wide) detected at line 219
[]
 []

) (./talk-12.tex [131]
Chapter 11.
[132

] [133] [134] [135] [136]
Overfull \hbox (85.99426pt too wide) detected at line 252
\OML/cmm/m/it/12 IH \OT1/cmr/m/n/12 := \OMS/cmsy/m/n/12 f\OT1/cmr/m/n/12 (\OML/
cmm/m/it/12 ^^^[]; ^^^[]; ^^^[]\OT1/cmr/m/n/12 ) \OMS/cmsy/m/n/12 2 []\OT1/cmr/
m/n/12 (\OML/cmm/m/it/12 ^^Y[]\OT1/cmr/m/n/12 (\OML/cmm/m/it/12 X\OT1/cmr/m/n/1
2 ; 0)[]\OML/cmm/m/it/12 ; ^^Y[]\OT1/cmr/m/n/12 (\OML/cmm/m/it/12 X\OT1/cmr/m/n
/12 ; 0\OML/cmm/m/it/12 ; \OT1/cmr/m/n/12 1)[]\OML/cmm/m/it/12 ; ^^Y[]\OT1/cmr/
m/n/12 (\OML/cmm/m/it/12 X\OT1/cmr/m/n/12 ; 1)[]) \OMS/cmsy/m/n/12 j []g
 []


Overfull \hbox (23.98553pt too wide) detected at line 268
\OML/cmm/m/it/12 IH [] \OMS/cmsy/m/n/12 f\OML/cmm/m/it/12 ^^^ \OMS/cmsy/m/n/12 
2 []\OT1/cmr/m/n/12 (^^@[]\OML/cmm/m/it/12 ; \OT1/cmr/m/n/12 ^^@[]\OML/cmm/m/it
/12 ; \OT1/cmr/m/n/12 ^^@[]) \OMS/cmsy/m/n/12 j []g
 []

[137] [138]) (./alpbach-2012.bbl [139] [140

]) [141] (./alpbach-2012.aux)

LaTeX Font Warning: Some font shapes were not available, defaults substituted.


LaTeX Warning: There were undefined references.

 ) 
Here is how much of TeX's memory you used:
 18648 strings out of 493848
 295490 string characters out of 1152823
 442105 words of memory out of 3000000
 20694 multiletter control sequences out of 15000+50000
 33963 words of font info for 137 fonts, out of 3000000 for 9000
 714 hyphenation exceptions out of 8191
 56i,26n,55p,1089b,792s stack positions out of 5000i,500n,10000p,200000b,50000s
pdfTeX warning (dest): name{thm.8.48} has been referenced but does not exist,
 replaced by a fixed one

pdfTeX warning (dest): name{thm.2.59} has been referenced but does not exist, r
eplaced by a fixed one

pdfTeX warning (dest): name{thm.2.18} has been referenced but does not exist, r
eplaced by a fixed one

pdfTeX warning (dest): name{thm.2.22} has been referenced but does not exist, r
eplaced by a fixed one

pdfTeX warning (dest): name{thm.1.20} has been referenced but does not exist, r
eplaced by a fixed one

pdfTeX warning (dest): name{thm.1.19} has been referenced but does not exist, r
eplaced by a fixed one

 </home/user/.texmf-var/fonts/pk/ljfour/lh/lh-ot2/wnr8.600pk> </home/user/.texm
f-var/fonts/pk/ljfour/lh/lh-ot2/wnti12.600pk> </home/user/.texmf-var/fonts/pk/l
jfour/lh/lh-ot2/wnr12.600pk></usr/share/texmf-texlive/fonts/type1/public/amsfon
ts/cm/cmbx10.pfb></usr/share/texmf-texlive/fonts/type1/public/amsfonts/cm/cmbx1
2.pfb></usr/share/texmf-texlive/fonts/type1/public/amsfonts/cm/cmbx8.pfb></usr/
share/texmf-texlive/fonts/type1/public/amsfonts/cm/cmex10.pfb></usr/share/texmf
-texlive/fonts/type1/public/amsfonts/cmextra/cmex8.pfb></usr/share/texmf-texliv
e/fonts/type1/public/amsfonts/cm/cmmi10.pfb></usr/share/texmf-texlive/fonts/typ
e1/public/amsfonts/cm/cmmi12.pfb></usr/share/texmf-texlive/fonts/type1/public/a
msfonts/cm/cmmi6.pfb></usr/share/texmf-texlive/fonts/type1/public/amsfonts/cm/c
mmi7.pfb></usr/share/texmf-texlive/fonts/type1/public/amsfonts/cm/cmmi8.pfb></u
sr/share/texmf-texlive/fonts/type1/public/amsfonts/cm/cmmib10.pfb></usr/share/t
exmf-texlive/fonts/type1/public/amsfonts/cm/cmr10.pfb></usr/share/texmf-texlive
/fonts/type1/public/amsfonts/cm/cmr12.pfb></usr/share/texmf-texlive/fonts/type1
/public/amsfonts/cm/cmr17.pfb></usr/share/texmf-texlive/fonts/type1/public/amsf
onts/cm/cmr6.pfb></usr/share/texmf-texlive/fonts/type1/public/amsfonts/cm/cmr7.
pfb></usr/share/texmf-texlive/fonts/type1/public/amsfonts/cm/cmr8.pfb></usr/sha
re/texmf-texlive/fonts/type1/public/amsfonts/cm/cmsy10.pfb></usr/share/texmf-te
xlive/fonts/type1/public/amsfonts/cm/cmsy6.pfb></usr/share/texmf-texlive/fonts/
type1/public/amsfonts/cm/cmsy8.pfb></usr/share/texmf-texlive/fonts/type1/public
/amsfonts/cm/cmti12.pfb></usr/share/texmf-texlive/fonts/type1/public/amsfonts/c
m/cmti8.pfb></usr/share/texmf-texlive/fonts/type1/public/amsfonts/cm/cmtt12.pfb
></usr/share/texmf-texlive/fonts/type1/public/amsfonts/euler/eufm10.pfb></usr/s
hare/texmf-texlive/fonts/type1/public/amsfonts/euler/eufm7.pfb></usr/share/texm
f-texlive/fonts/type1/public/amsfonts/latxfont/lcircle1.pfb></usr/share/texmf-t
exlive/fonts/type1/public/amsfonts/latxfont/line10.pfb></usr/share/texmf-texliv
e/fonts/type1/public/amsfonts/symbols/msam10.pfb></usr/share/texmf-texlive/font
s/type1/public/amsfonts/symbols/msbm10.pfb></usr/share/texmf-texlive/fonts/type
1/public/amsfonts/symbols/msbm7.pfb></usr/share/texmf-texlive/fonts/type1/hoekw
ater/stmaryrd/stmary10.pfb></usr/share/texmf-texlive/fonts/type1/public/xypic/x
yatip10.pfb></usr/share/texmf-texlive/fonts/type1/public/xypic/xybtip10.pfb></u
sr/share/texmf-texlive/fonts/type1/public/xypic/xydash10.pfb>
Output written on alpbach-2012.pdf (142 pages, 1062025 bytes).
PDF statistics:
 2002 PDF objects out of 2073 (max. 8388607)
 763 named destinations out of 1000 (max. 500000)
 653 words of extra memory for PDF output out of 10000 (max. 10000000)

